<?xml version="1.0" encoding="UTF-8"?>
<!-- Generated by org.testng.reporters.JUnitReportReporter -->
<testsuite hostname="DESKTOP-VIA6B27" failures="0" tests="1" name="TestScript.gmailTest" time="34.925" errors="0" timestamp="2024-03-27T12:26:00 IST" skipped="0">
  <testcase classname="TestScript.gmailTest" name="verifyGmailContnt" time="34.925"/>
  <system-out/>
</testsuite> <!-- TestScript.gmailTest -->
