<?xml version="1.0" encoding="UTF-8"?>
<!-- Generated by org.testng.reporters.JUnitReportReporter -->
<testsuite hostname="Sourabh" failures="0" tests="1" name="TestScript.gmailTestScript" time="61.105" errors="0" timestamp="2024-03-26T18:13:16 IST" skipped="0">
  <testcase classname="TestScript.gmailTestScript" name="verifyGmailMessage" time="61.105"/>
</testsuite> <!-- TestScript.gmailTestScript -->
